2021-05-12 20:40:09,664 - app.py - INFO - 开始启动app——————————————
2021-05-12 20:40:30,353 - app.py - INFO - 进去app主页面——————————————
2021-05-12 20:40:30,354 - base_page.py - INFO - xpath
2021-05-12 20:40:30,354 - base_page.py - INFO - //*[@text='通讯录']
2021-05-12 20:40:34,878 - base_page.py - INFO - 未找到，滑动
2021-05-12 20:40:38,064 - base_page.py - INFO - 未找到，滑动
2021-05-12 20:40:39,955 - base_page.py - INFO - xpath
2021-05-12 20:40:39,956 - base_page.py - INFO - //*[@text='手动输入添加']
2021-05-12 20:40:40,992 - base_page.py - INFO - xpath
2021-05-12 20:40:40,992 - base_page.py - INFO - //*[contains(@text,'姓名')]/../*[@text='必填']
2021-05-12 20:40:42,204 - base_page.py - INFO - xpath
2021-05-12 20:40:42,204 - base_page.py - INFO - //*[contains(@text,'手机')]/../android.widget.RelativeLayout//android.widget.EditText
2021-05-12 20:40:42,319 - base_page.py - INFO - xpath
2021-05-12 20:40:42,319 - base_page.py - INFO - //*[@text='保存']
2021-05-12 20:40:42,406 - base_page.py - INFO - xpath
2021-05-12 20:40:42,407 - base_page.py - INFO - //*[@text='添加成功']
2021-05-12 20:40:43,638 - app.py - INFO - 重启app中——————————————
2021-05-12 20:40:59,042 - app.py - INFO - 进去app主页面——————————————
2021-05-12 20:40:59,043 - base_page.py - INFO - xpath
2021-05-12 20:40:59,043 - base_page.py - INFO - //*[@text='通讯录']
2021-05-12 20:41:03,205 - base_page.py - INFO - 未找到，滑动
2021-05-12 20:41:06,810 - base_page.py - INFO - 未找到，滑动
2021-05-12 20:41:08,694 - base_page.py - INFO - xpath
2021-05-12 20:41:08,694 - base_page.py - INFO - //*[@text='手动输入添加']
2021-05-12 20:41:09,585 - base_page.py - INFO - xpath
2021-05-12 20:41:09,585 - base_page.py - INFO - //*[contains(@text,'姓名')]/../*[@text='必填']
2021-05-12 20:41:10,852 - base_page.py - INFO - xpath
2021-05-12 20:41:10,852 - base_page.py - INFO - //*[contains(@text,'手机')]/../android.widget.RelativeLayout//android.widget.EditText
2021-05-12 20:41:11,020 - base_page.py - INFO - xpath
2021-05-12 20:41:11,021 - base_page.py - INFO - //*[@text='保存']
2021-05-12 20:41:11,108 - base_page.py - INFO - xpath
2021-05-12 20:41:11,108 - base_page.py - INFO - //*[@text='添加成功']
2021-05-12 20:41:12,461 - app.py - INFO - 重启app中——————————————
2021-05-12 20:41:27,517 - app.py - INFO - 进去app主页面——————————————
2021-05-12 20:41:27,518 - base_page.py - INFO - xpath
2021-05-12 20:41:27,518 - base_page.py - INFO - //*[@text='通讯录']
2021-05-12 20:41:29,574 - base_page.py - INFO - xpath
2021-05-12 20:41:29,574 - base_page.py - INFO - //*[contains(@text,'test')]
2021-05-12 20:41:30,633 - base_page.py - INFO - xpath
2021-05-12 20:41:30,633 - base_page.py - INFO - //*[@resource-id='android:id/content']/android.widget.RelativeLayout/android.widget.RelativeLayout/android.widget.LinearLayout/android.widget.RelativeLayout/android.widget.TextView
2021-05-12 20:41:35,155 - base_page.py - INFO - xpath
2021-05-12 20:41:35,155 - base_page.py - INFO - //*[@text='编辑成员']
2021-05-12 20:41:35,257 - base_page.py - INFO - xpath
2021-05-12 20:41:35,257 - base_page.py - INFO - //*[@text='删除成员']
2021-05-12 20:41:36,182 - base_page.py - INFO - xpath
2021-05-12 20:41:36,182 - base_page.py - INFO - //*[@text='确定']
2021-05-12 20:41:37,916 - base_page.py - INFO - 未找到，滑动
2021-05-12 20:41:41,321 - base_page.py - INFO - 未找到，滑动
2021-05-12 20:41:43,275 - app.py - INFO - 重启app中——————————————
2021-05-12 20:41:58,307 - app.py - INFO - 进去app主页面——————————————
2021-05-12 20:41:58,308 - base_page.py - INFO - xpath
2021-05-12 20:41:58,308 - base_page.py - INFO - //*[@text='通讯录']
2021-05-12 20:42:00,614 - base_page.py - INFO - xpath
2021-05-12 20:42:00,614 - base_page.py - INFO - //*[contains(@text,'test')]
2021-05-12 20:42:01,672 - base_page.py - INFO - xpath
2021-05-12 20:42:01,673 - base_page.py - INFO - //*[@resource-id='android:id/content']/android.widget.RelativeLayout/android.widget.RelativeLayout/android.widget.LinearLayout/android.widget.RelativeLayout/android.widget.TextView
2021-05-12 20:42:05,778 - base_page.py - INFO - xpath
2021-05-12 20:42:05,778 - base_page.py - INFO - //*[@text='编辑成员']
2021-05-12 20:42:05,910 - base_page.py - INFO - xpath
2021-05-12 20:42:05,911 - base_page.py - INFO - //*[@text='删除成员']
2021-05-12 20:42:07,077 - base_page.py - INFO - xpath
2021-05-12 20:42:07,077 - base_page.py - INFO - //*[@text='确定']
2021-05-12 20:42:08,809 - base_page.py - INFO - 未找到，滑动
2021-05-12 20:42:12,126 - base_page.py - INFO - 未找到，滑动
2021-05-12 20:42:14,051 - app.py - INFO - 重启app中——————————————
2021-05-12 20:42:21,050 - app.py - INFO - 销毁app的driver中——————————————
2021-05-12 20:43:36,710 - app.py - INFO - 开始启动app——————————————
2021-05-12 20:43:57,328 - app.py - INFO - 进去app主页面——————————————
2021-05-12 20:43:57,328 - base_page.py - INFO - xpath
2021-05-12 20:43:57,328 - base_page.py - INFO - //*[@text='通讯录']
2021-05-12 20:44:01,510 - base_page.py - INFO - 未找到，滑动
2021-05-12 20:44:04,721 - base_page.py - INFO - 未找到，滑动
2021-05-12 20:44:06,722 - base_page.py - INFO - xpath
2021-05-12 20:44:06,722 - base_page.py - INFO - //*[@text='手动输入添加']
2021-05-12 20:44:07,653 - base_page.py - INFO - xpath
2021-05-12 20:44:07,653 - base_page.py - INFO - //*[contains(@text,'姓名')]/../*[@text='必填']
2021-05-12 20:44:08,354 - base_page.py - INFO - xpath
2021-05-12 20:44:08,354 - base_page.py - INFO - //*[contains(@text,'手机')]/../android.widget.RelativeLayout//android.widget.EditText
2021-05-12 20:44:08,485 - base_page.py - INFO - xpath
2021-05-12 20:44:08,486 - base_page.py - INFO - //*[@text='保存']
2021-05-12 20:44:08,568 - base_page.py - INFO - xpath
2021-05-12 20:44:08,568 - base_page.py - INFO - //*[@text='添加成功']
2021-05-12 20:44:09,516 - app.py - INFO - 重启app中——————————————
2021-05-12 20:44:24,966 - app.py - INFO - 进去app主页面——————————————
2021-05-12 20:44:24,967 - base_page.py - INFO - xpath
2021-05-12 20:44:24,967 - base_page.py - INFO - //*[@text='通讯录']
2021-05-12 20:44:28,704 - base_page.py - INFO - 未找到，滑动
2021-05-12 20:44:31,995 - base_page.py - INFO - 未找到，滑动
2021-05-12 20:44:33,835 - base_page.py - INFO - xpath
2021-05-12 20:44:33,835 - base_page.py - INFO - //*[@text='手动输入添加']
2021-05-12 20:44:34,785 - base_page.py - INFO - xpath
2021-05-12 20:44:34,785 - base_page.py - INFO - //*[contains(@text,'姓名')]/../*[@text='必填']
2021-05-12 20:44:36,073 - base_page.py - INFO - xpath
2021-05-12 20:44:36,073 - base_page.py - INFO - //*[contains(@text,'手机')]/../android.widget.RelativeLayout//android.widget.EditText
2021-05-12 20:44:36,133 - base_page.py - INFO - xpath
2021-05-12 20:44:36,133 - base_page.py - INFO - //*[@text='保存']
2021-05-12 20:44:36,199 - base_page.py - INFO - xpath
2021-05-12 20:44:36,200 - base_page.py - INFO - //*[@text='添加成功']
2021-05-12 20:44:37,706 - app.py - INFO - 重启app中——————————————
2021-05-12 20:44:55,021 - app.py - INFO - 进去app主页面——————————————
2021-05-12 20:44:55,021 - base_page.py - INFO - xpath
2021-05-12 20:44:55,021 - base_page.py - INFO - //*[@text='通讯录']
2021-05-12 20:44:57,535 - base_page.py - INFO - xpath
2021-05-12 20:44:57,535 - base_page.py - INFO - //*[contains(@text,'test')]
2021-05-12 20:44:58,350 - base_page.py - INFO - xpath
2021-05-12 20:44:58,350 - base_page.py - INFO - //*[@resource-id='android:id/content']/android.widget.RelativeLayout/android.widget.RelativeLayout/android.widget.LinearLayout/android.widget.RelativeLayout/android.widget.TextView
2021-05-12 20:45:02,506 - base_page.py - INFO - xpath
2021-05-12 20:45:02,506 - base_page.py - INFO - //*[@text='编辑成员']
2021-05-12 20:45:02,664 - base_page.py - INFO - xpath
2021-05-12 20:45:02,664 - base_page.py - INFO - //*[@text='删除成员']
2021-05-12 20:45:03,745 - base_page.py - INFO - xpath
2021-05-12 20:45:03,745 - base_page.py - INFO - //*[@text='确定']
2021-05-12 20:45:05,547 - base_page.py - INFO - 未找到，滑动
2021-05-12 20:45:09,029 - base_page.py - INFO - 未找到，滑动
2021-05-12 20:45:10,986 - app.py - INFO - 重启app中——————————————
2021-05-12 20:45:26,462 - app.py - INFO - 进去app主页面——————————————
2021-05-12 20:45:26,463 - base_page.py - INFO - xpath
2021-05-12 20:45:26,464 - base_page.py - INFO - //*[@text='通讯录']
2021-05-12 20:45:28,696 - base_page.py - INFO - xpath
2021-05-12 20:45:28,696 - base_page.py - INFO - //*[contains(@text,'test')]
2021-05-12 20:45:29,589 - base_page.py - INFO - xpath
2021-05-12 20:45:29,589 - base_page.py - INFO - //*[@resource-id='android:id/content']/android.widget.RelativeLayout/android.widget.RelativeLayout/android.widget.LinearLayout/android.widget.RelativeLayout/android.widget.TextView
2021-05-12 20:45:33,852 - base_page.py - INFO - xpath
2021-05-12 20:45:33,852 - base_page.py - INFO - //*[@text='编辑成员']
2021-05-12 20:45:34,047 - base_page.py - INFO - xpath
2021-05-12 20:45:34,047 - base_page.py - INFO - //*[@text='删除成员']
2021-05-12 20:45:35,543 - base_page.py - INFO - xpath
2021-05-12 20:45:35,544 - base_page.py - INFO - //*[@text='确定']
2021-05-12 20:45:37,486 - base_page.py - INFO - 未找到，滑动
2021-05-12 20:45:40,922 - base_page.py - INFO - 未找到，滑动
2021-05-12 20:45:42,866 - app.py - INFO - 重启app中——————————————
2021-05-12 20:45:50,723 - app.py - INFO - 销毁app的driver中——————————————
2021-05-18 16:13:54,196 - app.py - INFO - 开始启动app——————————————
2021-05-18 16:14:03,734 - app.py - INFO - 销毁app的driver中——————————————
